--
-- PostgreSQL database dump
--

SET statement_timeout = 0;
SET lock_timeout = 0;
SET client_encoding = 'UTF8';
SET standard_conforming_strings = on;
SET check_function_bodies = false;
SET client_min_messages = warning;

--
-- Name: plpgsql; Type: EXTENSION; Schema: -; Owner: 
--

CREATE EXTENSION IF NOT EXISTS plpgsql WITH SCHEMA pg_catalog;


--
-- Name: EXTENSION plpgsql; Type: COMMENT; Schema: -; Owner: 
--

COMMENT ON EXTENSION plpgsql IS 'PL/pgSQL procedural language';


SET search_path = public, pg_catalog;

SET default_tablespace = '';

SET default_with_oids = false;

--
-- Name: testing; Type: TABLE; Schema: public; Owner: zepqdcvrvhsmgv; Tablespace: 
--

CREATE TABLE testing (
    name text,
    age integer,
    gender text
);


ALTER TABLE testing OWNER TO zepqdcvrvhsmgv;

--
-- Data for Name: testing; Type: TABLE DATA; Schema: public; Owner: zepqdcvrvhsmgv
--

COPY testing (name, age, gender) FROM stdin;
John	21	m
Ron	22	male
Louis	23	male
Ricky	24	male
sc	50	male
ben chow	68	uni
channet	20	male
mary	4	female
backup	444	jj
\.


--
-- Name: public; Type: ACL; Schema: -; Owner: kalongip
--

REVOKE ALL ON SCHEMA public FROM PUBLIC;
REVOKE ALL ON SCHEMA public FROM kalongip;
GRANT ALL ON SCHEMA public TO kalongip;
GRANT ALL ON SCHEMA public TO PUBLIC;


--
-- PostgreSQL database dump complete
--

